This is pdfTeX, Version 3.141592653-2.6-1.40.25 (MiKTeX 24.1) (preloaded format=pdflatex 2025.12.24)  29 DEC 2025 07:23
entering extended mode
 restricted \write18 enabled.
 %&-line parsing enabled.
**./federated_learning_paper.tex
(federated_learning_paper.tex
LaTeX2e <2023-11-01> patch level 1
L3 programming layer <2024-01-04>
(ieeeaccess.cls (IEEEtran.cls
Document Class: IEEEtran 2015/08/26 V1.8b by Michael Shell
-- See the "IEEEtran_HOWTO" manual for usage information.
-- http://www.michaelshell.org/tex/ieeetran/
\@IEEEtrantmpdimenA=\dimen140
\@IEEEtrantmpdimenB=\dimen141
\@IEEEtrantmpdimenC=\dimen142
\@IEEEtrantmpcountA=\count187
\@IEEEtrantmpcountB=\count188
\@IEEEtrantmpcountC=\count189
\@IEEEtrantmptoksA=\toks17
LaTeX Font Info:    Trying to load font information for OT1+ptm on input line 5
03.
(C:\Users\ADMIN\AppData\Local\Programs\MiKTeX\tex/latex/psnfss\ot1ptm.fd
File: ot1ptm.fd 2001/06/04 font definitions for OT1/ptm.
)
-- Using 8.5in x 11in (letter) paper.
-- Using PDF output.
\@IEEEnormalsizeunitybaselineskip=\dimen143
-- This is a 10 point document.
\CLASSINFOnormalsizebaselineskip=\dimen144
\CLASSINFOnormalsizeunitybaselineskip=\dimen145
\IEEEnormaljot=\dimen146
LaTeX Font Info:    Font shape `OT1/ptm/bx/n' in size <5> not available
(Font)              Font shape `OT1/ptm/b/n' tried instead on input line 1090.
LaTeX Font Info:    Font shape `OT1/ptm/bx/it' in size <5> not available
(Font)              Font shape `OT1/ptm/b/it' tried instead on input line 1090.

LaTeX Font Info:    Font shape `OT1/ptm/bx/n' in size <7> not available
(Font)              Font shape `OT1/ptm/b/n' tried instead on input line 1090.
LaTeX Font Info:    Font shape `OT1/ptm/bx/it' in size <7> not available
(Font)              Font shape `OT1/ptm/b/it' tried instead on input line 1090.

LaTeX Font Info:    Font shape `OT1/ptm/bx/n' in size <8> not available
(Font)              Font shape `OT1/ptm/b/n' tried instead on input line 1090.
LaTeX Font Info:    Font shape `OT1/ptm/bx/it' in size <8> not available
(Font)              Font shape `OT1/ptm/b/it' tried instead on input line 1090.

LaTeX Font Info:    Font shape `OT1/ptm/bx/n' in size <9> not available
(Font)              Font shape `OT1/ptm/b/n' tried instead on input line 1090.
LaTeX Font Info:    Font shape `OT1/ptm/bx/it' in size <9> not available
(Font)              Font shape `OT1/ptm/b/it' tried instead on input line 1090.

LaTeX Font Info:    Font shape `OT1/ptm/bx/n' in size <10> not available
(Font)              Font shape `OT1/ptm/b/n' tried instead on input line 1090.
LaTeX Font Info:    Font shape `OT1/ptm/bx/it' in size <10> not available
(Font)              Font shape `OT1/ptm/b/it' tried instead on input line 1090.

LaTeX Font Info:    Font shape `OT1/ptm/bx/n' in size <11> not available
(Font)              Font shape `OT1/ptm/b/n' tried instead on input line 1090.
LaTeX Font Info:    Font shape `OT1/ptm/bx/it' in size <11> not available
(Font)              Font shape `OT1/ptm/b/it' tried instead on input line 1090.

LaTeX Font Info:    Font shape `OT1/ptm/bx/n' in size <12> not available
(Font)              Font shape `OT1/ptm/b/n' tried instead on input line 1090.
LaTeX Font Info:    Font shape `OT1/ptm/bx/it' in size <12> not available
(Font)              Font shape `OT1/ptm/b/it' tried instead on input line 1090.

LaTeX Font Info:    Font shape `OT1/ptm/bx/n' in size <17> not available
(Font)              Font shape `OT1/ptm/b/n' tried instead on input line 1090.
LaTeX Font Info:    Font shape `OT1/ptm/bx/it' in size <17> not available
(Font)              Font shape `OT1/ptm/b/it' tried instead on input line 1090.

LaTeX Font Info:    Font shape `OT1/ptm/bx/n' in size <20> not available
(Font)              Font shape `OT1/ptm/b/n' tried instead on input line 1090.
LaTeX Font Info:    Font shape `OT1/ptm/bx/it' in size <20> not available
(Font)              Font shape `OT1/ptm/b/it' tried instead on input line 1090.

LaTeX Font Info:    Font shape `OT1/ptm/bx/n' in size <24> not available
(Font)              Font shape `OT1/ptm/b/n' tried instead on input line 1090.
LaTeX Font Info:    Font shape `OT1/ptm/bx/it' in size <24> not available
(Font)              Font shape `OT1/ptm/b/it' tried instead on input line 1090.

\IEEEquantizedlength=\dimen147
\IEEEquantizedlengthdiff=\dimen148
\IEEEquantizedtextheightdiff=\dimen149
\IEEEilabelindentA=\dimen150
\IEEEilabelindentB=\dimen151
\IEEEilabelindent=\dimen152
\IEEEelabelindent=\dimen153
\IEEEdlabelindent=\dimen154
\IEEElabelindent=\dimen155
\IEEEiednormlabelsep=\dimen156
\IEEEiedmathlabelsep=\dimen157
\IEEEiedtopsep=\skip48
\c@section=\count190
\c@subsection=\count191
\c@subsubsection=\count192
\c@paragraph=\count193
\c@IEEEsubequation=\count194
\abovecaptionskip=\skip49
\belowcaptionskip=\skip50
\c@figure=\count195
\c@table=\count196
\@IEEEeqnnumcols=\count197
\@IEEEeqncolcnt=\count198
\@IEEEsubeqnnumrollback=\count199
\@IEEEquantizeheightA=\dimen158
\@IEEEquantizeheightB=\dimen159
\@IEEEquantizeheightC=\dimen160
\@IEEEquantizeprevdepth=\dimen161
\@IEEEquantizemultiple=\count266
\@IEEEquantizeboxA=\box51
\@IEEEtmpitemindent=\dimen162
\IEEEPARstartletwidth=\dimen163
\c@IEEEbiography=\count267
\@IEEEtranrubishbin=\box52
) (C:\Users\ADMIN\AppData\Local\Programs\MiKTeX\tex/generic/iftex\ifpdf.sty
Package: ifpdf 2019/10/25 v3.4 ifpdf legacy package. Use iftex instead.

(C:\Users\ADMIN\AppData\Local\Programs\MiKTeX\tex/generic/iftex\iftex.sty
Package: iftex 2022/02/03 v1.0f TeX engine tests
))
(C:\Users\ADMIN\AppData\Local\Programs\MiKTeX\tex/latex/xkeyval\xkeyval.sty
Package: xkeyval 2022/06/16 v2.9 package option processing (HA)

(C:\Users\ADMIN\AppData\Local\Programs\MiKTeX\tex/generic/xkeyval\xkeyval.tex
(C:\Users\ADMIN\AppData\Local\Programs\MiKTeX\tex/generic/xkeyval\xkvutils.tex
\XKV@toks=\toks18
\XKV@tempa@toks=\toks19

(C:\Users\ADMIN\AppData\Local\Programs\MiKTeX\tex/generic/xkeyval\keyval.tex))
\XKV@depth=\count268
File: xkeyval.tex 2014/12/03 v2.7a key=value parser (HA)
)){C:/Users/ADMIN/AppData/Local/MiKTeX/fonts/map/pdftex/pdftex.map}{./t1-times.
map}{./t1-formata.map}{./t1-giovannistd.map}
\@draftversionrule=\dimen164

(C:\Users\ADMIN\AppData\Local\Programs\MiKTeX\tex/latex/graphics\color.sty
Package: color 2022/01/06 v1.3d Standard LaTeX Color (DPC)

(C:\Users\ADMIN\AppData\Local\Programs\MiKTeX\tex/latex/graphics-cfg\color.cfg
File: color.cfg 2016/01/02 v1.6 sample color configuration
)
Package color Info: Driver file: pdftex.def on input line 149.

(C:\Users\ADMIN\AppData\Local\Programs\MiKTeX\tex/latex/graphics-def\pdftex.def
File: pdftex.def 2022/09/22 v1.2b Graphics/color driver for pdftex
)
(C:\Users\ADMIN\AppData\Local\Programs\MiKTeX\tex/latex/graphics\mathcolor.ltx)
) (spotcolor.sty
Package: spotcolor 2006/11/15 v1.2 Package for adding Spot Color support to pdf
LaTeX.

(C:\Users\ADMIN\AppData\Local\Programs\MiKTeX\tex/latex/graphics\graphics.sty
Package: graphics 2022/03/10 v1.4e Standard LaTeX Graphics (DPC,SPQR)

(C:\Users\ADMIN\AppData\Local\Programs\MiKTeX\tex/latex/graphics\trig.sty
Package: trig 2021/08/11 v1.11 sin cos tan (DPC)
)
(C:\Users\ADMIN\AppData\Local\Programs\MiKTeX\tex/latex/graphics-cfg\graphics.c
fg
File: graphics.cfg 2016/06/04 v1.11 sample graphics configuration
)
Package graphics Info: Driver file: pdftex.def on input line 107.
)
\thecolorprofile=\count269
\thecolor=\count270
)
\PANTONE=\toks20
Package color Info: Redefining color black on input line 287.
\figbox=\box53
\titlewidth=\skip51
\abstractwidth=\skip52
\c@addrCtr=\count271
\abstractbox=\box54
\indexbox=\box55
\absht=\dimen165
\kwdht=\dimen166
\@tempcntc=\count272
\titlepgskip=\skip53
\maketitlebox=\box56
) (C:\Users\ADMIN\AppData\Local\Programs\MiKTeX\tex/latex/cite\cite.sty
LaTeX Info: Redefining \cite on input line 302.
LaTeX Info: Redefining \nocite on input line 332.
Package: cite 2015/02/27  v 5.5
)
(C:\Users\ADMIN\AppData\Local\Programs\MiKTeX\tex/latex/amsmath\amsmath.sty
Package: amsmath 2023/05/13 v2.17o AMS math features
\@mathmargin=\skip54

For additional information on amsmath, use the `?' option.
(C:\Users\ADMIN\AppData\Local\Programs\MiKTeX\tex/latex/amsmath\amstext.sty
Package: amstext 2021/08/26 v2.01 AMS text

(C:\Users\ADMIN\AppData\Local\Programs\MiKTeX\tex/latex/amsmath\amsgen.sty
File: amsgen.sty 1999/11/30 v2.0 generic functions
\@emptytoks=\toks21
\ex@=\dimen167
))
(C:\Users\ADMIN\AppData\Local\Programs\MiKTeX\tex/latex/amsmath\amsbsy.sty
Package: amsbsy 1999/11/29 v1.2d Bold Symbols
\pmbraise@=\dimen168
)
(C:\Users\ADMIN\AppData\Local\Programs\MiKTeX\tex/latex/amsmath\amsopn.sty
Package: amsopn 2022/04/08 v2.04 operator names
)
\inf@bad=\count273
LaTeX Info: Redefining \frac on input line 234.
\uproot@=\count274
\leftroot@=\count275
LaTeX Info: Redefining \overline on input line 399.
LaTeX Info: Redefining \colon on input line 410.
\classnum@=\count276
\DOTSCASE@=\count277
LaTeX Info: Redefining \ldots on input line 496.
LaTeX Info: Redefining \dots on input line 499.
LaTeX Info: Redefining \cdots on input line 620.
\Mathstrutbox@=\box57
\strutbox@=\box58
LaTeX Info: Redefining \big on input line 722.
LaTeX Info: Redefining \Big on input line 723.
LaTeX Info: Redefining \bigg on input line 724.
LaTeX Info: Redefining \Bigg on input line 725.
\big@size=\dimen169
LaTeX Font Info:    Redeclaring font encoding OML on input line 743.
LaTeX Font Info:    Redeclaring font encoding OMS on input line 744.
\macc@depth=\count278
LaTeX Info: Redefining \bmod on input line 905.
LaTeX Info: Redefining \pmod on input line 910.
LaTeX Info: Redefining \smash on input line 940.
LaTeX Info: Redefining \relbar on input line 970.
LaTeX Info: Redefining \Relbar on input line 971.
\c@MaxMatrixCols=\count279
\dotsspace@=\muskip16
\c@parentequation=\count280
\dspbrk@lvl=\count281
\tag@help=\toks22
\row@=\count282
\column@=\count283
\maxfields@=\count284
\andhelp@=\toks23
\eqnshift@=\dimen170
\alignsep@=\dimen171
\tagshift@=\dimen172
\tagwidth@=\dimen173
\totwidth@=\dimen174
\lineht@=\dimen175
\@envbody=\toks24
\multlinegap=\skip55
\multlinetaggap=\skip56
\mathdisplay@stack=\toks25
LaTeX Info: Redefining \[ on input line 2953.
LaTeX Info: Redefining \] on input line 2954.
)
(C:\Users\ADMIN\AppData\Local\Programs\MiKTeX\tex/latex/amsfonts\amssymb.sty
Package: amssymb 2013/01/14 v3.01 AMS font symbols

(C:\Users\ADMIN\AppData\Local\Programs\MiKTeX\tex/latex/amsfonts\amsfonts.sty
Package: amsfonts 2013/01/14 v3.01 Basic AMSFonts support
\symAMSa=\mathgroup4
\symAMSb=\mathgroup5
LaTeX Font Info:    Redeclaring math symbol \hbar on input line 98.
LaTeX Font Info:    Overwriting math alphabet `\mathfrak' in version `bold'
(Font)                  U/euf/m/n --> U/euf/b/n on input line 106.
))
(C:\Users\ADMIN\AppData\Local\Programs\MiKTeX\tex/latex/algorithms\algorithmic.
sty
Package: algorithmic 2009/08/24 v0.1 Document Style `algorithmic'
 (C:\Users\ADMIN\AppData\Local\Programs\MiKTeX\tex/latex/base\ifthen.sty
Package: ifthen 2022/04/13 v1.1d Standard LaTeX ifthen package (DPC)
)
\c@ALC@unique=\count285
\c@ALC@line=\count286
\c@ALC@rem=\count287
\c@ALC@depth=\count288
\ALC@tlm=\skip57
\algorithmicindent=\skip58
)
(C:\Users\ADMIN\AppData\Local\Programs\MiKTeX\tex/latex/algorithms\algorithm.st
y
Package: algorithm 2009/08/24 v0.1 Document Style `algorithm' - floating enviro
nment
 (C:\Users\ADMIN\AppData\Local\Programs\MiKTeX\tex/latex/float\float.sty
Package: float 2001/11/08 v1.3d Float enhancements (AL)
\c@float@type=\count289
\float@exts=\toks26
\float@box=\box59
\@float@everytoks=\toks27
\@floatcapt=\box60
)
\@float@every@algorithm=\toks28
\c@algorithm=\count290
)
(C:\Users\ADMIN\AppData\Local\Programs\MiKTeX\tex/latex/graphics\graphicx.sty
Package: graphicx 2021/09/16 v1.2d Enhanced LaTeX Graphics (DPC,SPQR)
\Gin@req@height=\dimen176
\Gin@req@width=\dimen177
)
(C:\Users\ADMIN\AppData\Local\Programs\MiKTeX\tex/latex/base\textcomp.sty
Package: textcomp 2020/02/02 v2.0n Standard LaTeX package
)
(C:\Users\ADMIN\AppData\Local\Programs\MiKTeX\tex/latex/xcolor\xcolor.sty
Package: xcolor 2023/11/15 v3.01 LaTeX color extensions (UK)

(C:\Users\ADMIN\AppData\Local\Programs\MiKTeX\tex/latex/graphics-cfg\color.cfg
File: color.cfg 2016/01/02 v1.6 sample color configuration
)
Package xcolor Info: Driver file: pdftex.def on input line 274.
LaTeX Info: Redefining \color on input line 758.
(C:\Users\ADMIN\AppData\Local\Programs\MiKTeX\tex/latex/graphics\mathcolor.ltx)
Package xcolor Info: Model `cmy' substituted by `cmy0' on input line 1350.
Package xcolor Info: Model `hsb' substituted by `rgb' on input line 1354.
Package xcolor Info: Model `RGB' extended on input line 1366.
Package xcolor Info: Model `HTML' substituted by `rgb' on input line 1368.
Package xcolor Info: Model `Hsb' substituted by `hsb' on input line 1369.
Package xcolor Info: Model `tHsb' substituted by `hsb' on input line 1370.
Package xcolor Info: Model `HSB' substituted by `hsb' on input line 1371.
Package xcolor Info: Model `Gray' substituted by `gray' on input line 1372.
Package xcolor Info: Model `wave' substituted by `hsb' on input line 1373.
) (C:\Users\ADMIN\AppData\Local\Programs\MiKTeX\tex/latex/multirow\multirow.sty
Package: multirow 2024/11/12 v2.9 Span multiple rows of a table
\multirow@colwidth=\skip59
\multirow@cntb=\count291
\multirow@dima=\skip60
\bigstrutjot=\dimen178
) (C:\Users\ADMIN\AppData\Local\Programs\MiKTeX\tex/latex/booktabs\booktabs.sty
Package: booktabs 2020/01/12 v1.61803398 Publication quality tables
\heavyrulewidth=\dimen179
\lightrulewidth=\dimen180
\cmidrulewidth=\dimen181
\belowrulesep=\dimen182
\belowbottomsep=\dimen183
\aboverulesep=\dimen184
\abovetopsep=\dimen185
\cmidrulesep=\dimen186
\cmidrulekern=\dimen187
\defaultaddspace=\dimen188
\@cmidla=\count292
\@cmidlb=\count293
\@aboverulesep=\dimen189
\@belowrulesep=\dimen190
\@thisruleclass=\count294
\@lastruleclass=\count295
\@thisrulewidth=\dimen191
) (C:\Users\ADMIN\AppData\Local\Programs\MiKTeX\tex/latex/url\url.sty
\Urlmuskip=\muskip17
Package: url 2013/09/16  ver 3.4  Verb mode for urls, etc.
)
(C:\Users\ADMIN\AppData\Local\Programs\MiKTeX\tex/latex/tools\bm.sty
Package: bm 2023/07/08 v1.2f Bold Symbol Support (DPC/FMi)
\symboldoperators=\mathgroup6
\symboldletters=\mathgroup7
\symboldsymbols=\mathgroup8
Package bm Info: No bold for \OMX/cmex/m/n, using \pmb.
Package bm Info: No bold for \U/msa/m/n, using \pmb.
Package bm Info: No bold for \U/msb/m/n, using \pmb.
LaTeX Font Info:    Redeclaring math alphabet \mathbf on input line 149.
)
(C:\Users\ADMIN\AppData\Local\Programs\MiKTeX\tex/latex/l3backend\l3backend-pdf
tex.def
File: l3backend-pdftex.def 2024-01-04 L3 backend support: PDF output (pdfTeX)
\l__color_backend_stack_int=\count296
\l__pdf_internal_box=\box61
) (federated_learning_paper.aux)
\openout1 = `federated_learning_paper.aux'.

LaTeX Font Info:    Checking defaults for OML/cmm/m/it on input line 29.
LaTeX Font Info:    ... okay on input line 29.
LaTeX Font Info:    Checking defaults for OMS/cmsy/m/n on input line 29.
LaTeX Font Info:    ... okay on input line 29.
LaTeX Font Info:    Checking defaults for OT1/cmr/m/n on input line 29.
LaTeX Font Info:    ... okay on input line 29.
LaTeX Font Info:    Checking defaults for T1/cmr/m/n on input line 29.
LaTeX Font Info:    ... okay on input line 29.
LaTeX Font Info:    Checking defaults for TS1/cmr/m/n on input line 29.
LaTeX Font Info:    ... okay on input line 29.
LaTeX Font Info:    Checking defaults for OMX/cmex/m/n on input line 29.
LaTeX Font Info:    ... okay on input line 29.
LaTeX Font Info:    Checking defaults for U/cmr/m/n on input line 29.
LaTeX Font Info:    ... okay on input line 29.

-- Lines per column: 56 (exact).
\symNewLetters=\mathgroup9
\symxsymbols=\mathgroup10
LaTeX Font Info:    Redeclaring math symbol \ddagger on input line 29.
LaTeX Font Info:    Redeclaring math symbol \dagger on input line 29.
\c@mv@regular=\count297
LaTeX Font Info:    Encoding `OT1' has changed to `T1' for symbol font
(Font)              `operators' in the math version `regular' on input line 29.

LaTeX Font Info:    Overwriting symbol font `operators' in version `regular'
(Font)                  OT1/cmr/m/n --> T1/formata/n/n on input line 29.
LaTeX Font Info:    Overwriting symbol font `NewLetters' in version `regular'
(Font)                  T1/times/n/it --> T1/formata/n/it on input line 29.
LaTeX Font Info:    Overwriting math alphabet `\mathrm' in version `regular'
(Font)                  T1/formata/n/n --> T1/formata/n/n on input line 29.
LaTeX Font Info:    Overwriting math alphabet `\mathit' in version `regular'
(Font)                  OT1/cmr/m/it --> T1/formata/n/it on input line 29.
LaTeX Font Info:    Overwriting math alphabet `\mathbf' in version `regular'
(Font)                  OT1/cmr/bx/n --> T1/formata/m/n on input line 29.
LaTeX Font Info:    Overwriting math alphabet `\mathtt' in version `regular'
(Font)                  OT1/cmtt/m/n --> OT1/pcr/m/n on input line 29.
\c@mv@medium=\count298
LaTeX Font Info:    Encoding `OT1' has changed to `T1' for symbol font
(Font)              `operators' in the math version `medium' on input line 29.
LaTeX Font Info:    Overwriting symbol font `operators' in version `medium'
(Font)                  OT1/cmr/m/n --> T1/formata/m/n on input line 29.
LaTeX Font Info:    Overwriting symbol font `NewLetters' in version `medium'
(Font)                  T1/times/n/it --> T1/formata/m/it on input line 29.
LaTeX Font Info:    Overwriting math alphabet `\mathrm' in version `medium'
(Font)                  > T1/formata/m/n on input line 29.
LaTeX Font Info:    Overwriting math alphabet `\mathit' in version `medium'
(Font)                  OT1/cmr/m/it --> T1/formata/m/it on input line 29.
LaTeX Font Info:    Overwriting math alphabet `\mathbf' in version `medium'
(Font)                  > T1/formata/b/n on input line 29.
LaTeX Font Info:    Overwriting math alphabet `\mathtt' in version `medium'
(Font)                  OT1/cmtt/m/n --> OT1/pcr/b/n on input line 29.
\c@mv@black=\count299
LaTeX Font Info:    Encoding `OT1' has changed to `T1' for symbol font
(Font)              `operators' in the math version `black' on input line 29.
LaTeX Font Info:    Overwriting symbol font `operators' in version `black'
(Font)                  OT1/cmr/m/n --> T1/formata/b/n on input line 29.
LaTeX Font Info:    Overwriting symbol font `NewLetters' in version `black'
(Font)                  T1/times/n/it --> T1/formata/b/it on input line 29.
LaTeX Font Info:    Overwriting math alphabet `\mathrm' in version `black'
(Font)                  > T1/formata/b/n on input line 29.
LaTeX Font Info:    Overwriting math alphabet `\mathit' in version `black'
(Font)                  OT1/cmr/m/it --> T1/formata/b/it on input line 29.
LaTeX Font Info:    Overwriting math alphabet `\mathbf' in version `black'
(Font)                  > T1/formata/b/n on input line 29.
LaTeX Font Info:    Overwriting math alphabet `\mathtt' in version `black'
(Font)                  OT1/cmtt/m/n --> OT1/pcr/b/n on input line 29.
LaTeX Font Info:    Trying to load font information for T1+ptm on input line 29
.
(C:\Users\ADMIN\AppData\Local\Programs\MiKTeX\tex/latex/psnfss\t1ptm.fd
File: t1ptm.fd 2001/06/04 font definitions for T1/ptm.
)
LaTeX Font Info:    Trying to load font information for T1+times on input line 
29.

(t1times.fd)
(C:\Users\ADMIN\AppData\Local\Programs\MiKTeX\tex/context/base/mkii\supp-pdf.mk
ii
[Loading MPS to PDF converter (version 2006.09.02).]
\scratchcounter=\count300
\scratchdimen=\dimen192
\scratchbox=\box62
\nofMPsegments=\count301
\nofMParguments=\count302
\everyMPshowfont=\toks29
\MPscratchCnt=\count303
\MPscratchDim=\dimen193
\MPnumerator=\count304
\makeMPintoPDFobject=\count305
\everyMPtoPDFconversion=\toks30
)
(C:\Users\ADMIN\AppData\Local\Programs\MiKTeX\tex/latex/epstopdf-pkg\epstopdf-b
ase.sty
Package: epstopdf-base 2020-01-24 v2.11 Base part for package epstopdf
Package epstopdf-base Info: Redefining graphics rule for `.eps' on input line 4
85.

(C:\Users\ADMIN\AppData\Local\Programs\MiKTeX\tex/latex/00miktex\epstopdf-sys.c
fg
File: epstopdf-sys.cfg 2021/03/18 v2.0 Configuration of epstopdf for MiKTeX
))
LaTeX Font Info:    Redeclaring math version `bold' on input line 29.
LaTeX Font Info:    Encoding `OT1' has changed to `T1' for symbol font
(Font)              `operators' in the math version `bold' on input line 29.
LaTeX Font Info:    Overwriting symbol font `operators' in version `bold'
(Font)                  OT1/cmr/m/n --> T1/times/b/n on input line 29.
LaTeX Font Info:    Overwriting symbol font `NewLetters' in version `bold'
(Font)                  T1/times/n/it --> T1/times/b/it on input line 29.
LaTeX Font Info:    Overwriting math alphabet `\mathrm' in version `bold'
(Font)                  > T1/times/b/n on input line 29.
LaTeX Font Info:    Overwriting math alphabet `\mathit' in version `bold'
(Font)                  OT1/cmr/m/it --> T1/times/b/it on input line 29.
LaTeX Font Info:    Overwriting math alphabet `\mathbf' in version `bold'
(Font)                  > T1/times/b/n on input line 29.
LaTeX Font Info:    Overwriting math alphabet `\mathtt' in version `bold'
(Font)                  OT1/cmtt/m/n --> OT1/pcr/b/n on input line 29.
LaTeX Font Info:    Overwriting symbol font `symbols' in version `bold'
(Font)                  OMS/cmsy/m/n --> OMS/cmsy/b/n on input line 29.
<bullet.png, id=3, 12.045pt x 35.38219pt>
File: bullet.png Graphic file (type png)
<use bullet.png>
Package pdftex.def Info: bullet.png  used on input line 50.
(pdftex.def)             Requested size: 5.0pt x 14.6871pt.


Package xcolor Warning: Incompatible color definition on input line 50.

LaTeX Font Info:    Trying to load font information for U+msa on input line 51.

(C:\Users\ADMIN\AppData\Local\Programs\MiKTeX\tex/latex/amsfonts\umsa.fd
File: umsa.fd 2013/01/14 v3.01 AMS symbols A
)
LaTeX Font Info:    Trying to load font information for U+msb on input line 51.


(C:\Users\ADMIN\AppData\Local\Programs\MiKTeX\tex/latex/amsfonts\umsb.fd
File: umsb.fd 2013/01/14 v3.01 AMS symbols B
)
File: bullet.png Graphic file (type png)
<use bullet.png>
Package pdftex.def Info: bullet.png  used on input line 54.
(pdftex.def)             Requested size: 5.0pt x 14.6871pt.


Package xcolor Warning: Incompatible color definition on input line 54.


Package xcolor Warning: Incompatible color definition on input line 60.

LaTeX Font Info:    Calculating math sizes for size <9.9> on input line 60.
LaTeX Font Info:    Calculating math sizes for size <6.6> on input line 60.

Overfull \hbox (9.2679pt too wide) in paragraph at lines 60--60
[]  
 []


Overfull \hbox (9.2679pt too wide) in paragraph at lines 60--60
[]  
 []


Package xcolor Warning: Incompatible color definition on input line 62.


Underfull \vbox (badness 10000) has occurred while \output is active []


Underfull \vbox (badness 10000) has occurred while \output is active []



Package xcolor Warning: Incompatible color definition on input line 66.

<logo.png, id=4, 206.27063pt x 53.44969pt>
File: logo.png Graphic file (type png)
<use logo.png>
Package pdftex.def Info: logo.png  used on input line 66.
(pdftex.def)             Requested size: 91.32pt x 23.66309pt.

Overfull \hbox (505.12177pt too wide) has occurred while \output is active
[]
 []


Overfull \hbox (505.12177pt too wide) has occurred while \output is active
[]
 []


Overfull \hbox (505.12177pt too wide) has occurred while \output is active
[]
 []


Underfull \hbox (badness 10000) has occurred while \output is active
[]
 []

[1


 <./logo.png> <./bullet.png>]
Underfull \hbox (badness 1953) in paragraph at lines 67--68
[]\T1/times/n/n/10 However, the de-cen-tral-ized na-ture of fed-er-ated learn-
 []


Package xcolor Warning: Incompatible color definition on input line 69.


Underfull \hbox (badness 3713) in paragraph at lines 75--76
[]\T1/times/b/n/10 Lack of Trans-parency: \T1/times/n/n/10 With-out trans-par-e
nt au-dit
 []


Underfull \hbox (badness 1701) in paragraph at lines 76--77
[]\T1/times/b/n/10 Limited Val-i-da-tion: \T1/times/n/n/10 Most ex-ist-ing stud
-ies eval-u-ate
 []


Underfull \hbox (badness 4391) in paragraph at lines 76--77
\T1/times/n/n/10 pre-hen-sive com-par-i-son across mul-ti-ple ag-gre-ga-tion
 []


Package xcolor Warning: Incompatible color definition on input line 80.


Underfull \hbox (badness 10000) in paragraph at lines 85--86
\T1/times/n/n/10 We demon-strate that Trimmed-Mean ag-gre-ga-tion
 []


Underfull \hbox (badness 1448) in paragraph at lines 85--86
\T1/times/n/n/10 and the un-de-fended Fe-dAvg base-line (87.60%) by
 []


Underfull \hbox (badness 7504) in paragraph at lines 91--92
[]\T1/times/b/n/10 Transparency Para-dox Res-o-lu-tion: \T1/times/n/n/10 We em-
pir-i-
 []


Underfull \hbox (badness 2961) in paragraph at lines 91--92
\T1/times/n/n/10 cally test FLARE-style adap-tive at-tacks [10] that
 []


Package xcolor Warning: Incompatible color definition on input line 102.


Package xcolor Warning: Incompatible color definition on input line 106.


Package xcolor Warning: Incompatible color definition on input line 109.


Package xcolor Warning: Incompatible color definition on input line 113.

<notaglinelogo.png, id=19, 169.38281pt x 42.91031pt>
File: notaglinelogo.png Graphic file (type png)
<use notaglinelogo.png>
Package pdftex.def Info: notaglinelogo.png  used on input line 119.
(pdftex.def)             Requested size: 91.32pt x 23.1352pt.

LaTeX Font Warning: Font shape `T1/formata/m/sl' undefined
(Font)              using `T1/formata/m/it' instead on input line 119.


Overfull \hbox (505.12177pt too wide) has occurred while \output is active
[]
 []


Overfull \hbox (505.12177pt too wide) has occurred while \output is active
[]
 []


Underfull \hbox (badness 10000) has occurred while \output is active
[]
 []

[2 <./notaglinelogo.png>]
Underfull \hbox (badness 1472) in paragraph at lines 119--120
[]\T1/times/b/n/10 Multi-Krum \T1/times/n/n/10 ex-tends Krum by se-lect-ing mul
-ti-ple up-
 []


Package xcolor Warning: Incompatible color definition on input line 127.


Package xcolor Warning: Incompatible color definition on input line 133.


Package xcolor Warning: Incompatible color definition on input line 136.


Package xcolor Warning: Incompatible color definition on input line 147.


Package xcolor Warning: Incompatible color definition on input line 160.


Package xcolor Warning: Incompatible color definition on input line 162.


Package xcolor Warning: Incompatible color definition on input line 173.


Package xcolor Warning: Incompatible color definition on input line 184.


Package xcolor Warning: Incompatible color definition on input line 195.


Package xcolor Warning: Incompatible color definition on input line 207.


Package xcolor Warning: Incompatible color definition on input line 210.


Package xcolor Warning: Incompatible color definition on input line 212.


Package xcolor Warning: Incompatible color definition on input line 221.


Package xcolor Warning: Incompatible color definition on input line 224.


Package xcolor Warning: Incompatible color definition on input line 245.


LaTeX Font Warning: Font shape `T1/formata/m/sl' undefined
(Font)              using `T1/formata/m/it' instead on input line 250.

File: notaglinelogo.png Graphic file (type png)
<use notaglinelogo.png>
Package pdftex.def Info: notaglinelogo.png  used on input line 250.
(pdftex.def)             Requested size: 91.32pt x 23.1352pt.

Overfull \hbox (505.12177pt too wide) has occurred while \output is active
[]
 []


Overfull \hbox (505.12177pt too wide) has occurred while \output is active
[]
 []


Underfull \hbox (badness 10000) has occurred while \output is active
[]
 []

[3]

Package xcolor Warning: Incompatible color definition on input line 256.


Package xcolor Warning: Incompatible color definition on input line 258.


Package xcolor Warning: Incompatible color definition on input line 268.


Package xcolor Warning: Incompatible color definition on input line 278.

LaTeX Font Info:    Trying to load font information for T1+pcr on input line 28
0.
(C:\Users\ADMIN\AppData\Local\Programs\MiKTeX\tex/latex/psnfss\t1pcr.fd
File: t1pcr.fd 2001/06/04 font definitions for T1/pcr.
)

LaTeX Font Warning: Font shape `T1/pcr/n/n' undefined
(Font)              using `T1/pcr/m/n' instead on input line 280.


Underfull \hbox (badness 10000) in paragraph at lines 302--303
[] []\T1/times/b/n/10 function \T1/pcr/m/n/10 recordByzantineDetection\T1/times
/n/n/10 ($\T1/times/m/it/10 clientId$\T1/times/n/n/10 ,
 []


Underfull \hbox (badness 10000) in paragraph at lines 304--305
[] []$\T1/times/m/it/10 byzantineDetections\OT1/cmr/m/n/10 [\T1/times/m/it/10 r
ound\OT1/cmr/m/n/10 ] \OMS/cmsy/m/n/10  $
 []


Package xcolor Warning: Incompatible color definition on input line 312.


Underfull \hbox (badness 5711) in paragraph at lines 320--321
[]\T1/times/b/n/10 TrimmedMean (160 rounds): \T1/times/n/n/10 An-a-lyze ex-tend
ed
 []


Package xcolor Warning: Incompatible color definition on input line 333.


Package xcolor Warning: Incompatible color definition on input line 336.


Package xcolor Warning: Incompatible color definition on input line 341.


Package xcolor Warning: Incompatible color definition on input line 360.


Package xcolor Warning: Incompatible color definition on input line 362.


Package xcolor Warning: Incompatible color definition on input line 374.

File: notaglinelogo.png Graphic file (type png)
<use notaglinelogo.png>
Package pdftex.def Info: notaglinelogo.png  used on input line 378.
(pdftex.def)             Requested size: 91.32pt x 23.1352pt.

LaTeX Font Warning: Font shape `T1/formata/m/sl' undefined
(Font)              using `T1/formata/m/it' instead on input line 378.


Overfull \hbox (505.12177pt too wide) has occurred while \output is active
[]
 []


Overfull \hbox (505.12177pt too wide) has occurred while \output is active
[]
 []


Underfull \hbox (badness 10000) has occurred while \output is active
[]
 []

[4{C:/Users/ADMIN/AppData/Local/Programs/MiKTeX/fonts/enc/dvips/base/8r.enc}]

Package xcolor Warning: Incompatible color definition on input line 378.


Package xcolor Warning: Incompatible color definition on input line 388.

<convergence_comparison.png, id=40, 860.4948pt x 426.6339pt>
File: convergence_comparison.png Graphic file (type png)
<use convergence_comparison.png>
Package pdftex.def Info: convergence_comparison.png  used on input line 392.
(pdftex.def)             Requested size: 242.45628pt x 120.2053pt.

Package xcolor Warning: Incompatible color definition on input line 393.


Package xcolor Warning: Incompatible color definition on input line 393.


Underfull \hbox (badness 6188) in paragraph at lines 407--408
[]\T1/times/b/n/10 FedAvg: \T1/times/n/n/10 Fast ini-tial con-ver-gence but pla
teaus at
 []


Underfull \hbox (badness 1371) in paragraph at lines 411--412
[]\T1/times/b/n/10 Krum: \T1/times/n/n/10 Fails to con-verge, hov-er-ing around
 25-30%
 []


Package xcolor Warning: Incompatible color definition on input line 414.


Package xcolor Warning: Incompatible color definition on input line 419.


Package xcolor Warning: Incompatible color definition on input line 435.


Package xcolor Warning: Incompatible color definition on input line 448.

<visualizations/h2_roc_curve.pdf, id=42, 353.70143pt x 281.41762pt>
File: visualizations/h2_roc_curve.pdf Graphic file (type pdf)
<use visualizations/h2_roc_curve.pdf>
Package pdftex.def Info: visualizations/h2_roc_curve.pdf  used on input line 45
4.
(pdftex.def)             Requested size: 242.45628pt x 192.91159pt.

Package xcolor Warning: Incompatible color definition on input line 455.


Package xcolor Warning: Incompatible color definition on input line 455.


LaTeX Font Warning: Font shape `T1/formata/m/sl' undefined
(Font)              using `T1/formata/m/it' instead on input line 465.

File: notaglinelogo.png Graphic file (type png)
<use notaglinelogo.png>
Package pdftex.def Info: notaglinelogo.png  used on input line 465.
(pdftex.def)             Requested size: 91.32pt x 23.1352pt.

Overfull \hbox (505.12177pt too wide) has occurred while \output is active
[]
 []


Overfull \hbox (505.12177pt too wide) has occurred while \output is active
[]
 []


Underfull \hbox (badness 10000) has occurred while \output is active
[]
 []

[5 <./convergence_comparison.png>] (visualizations/h2_confusion_matrix.tex

Package xcolor Warning: Incompatible color definition on input line 5.

! Extra alignment tab has been changed to \cr.
<recently read> \endtemplate 
                             
l.19 FPR: &
            2.7% \\
You have given more \span or & marks than there were
in the preamble to the \halign or \valign now in progress.
So I'll assume that you meant to type \cr instead.

)
Underfull \hbox (badness 10000) in paragraph at lines 471--472
[]\T1/times/n/n/10 The cen-tral-ized sys-tem, lack-ing tamper-proof logs,
 []


Package xcolor Warning: Incompatible color definition on input line 473.

(visualizations/h3_sensitivity_table.tex

Package xcolor Warning: Incompatible color definition on input line 5.


Overfull \hbox (23.09424pt too wide) in paragraph at lines 7--18
 [][] 
 []


LaTeX Warning: `h' float specifier changed to `ht'.

)

Package xcolor Warning: Incompatible color definition on input line 492.

<visualizations/fl_convergence.pdf, id=47, 715.08531pt x 281.26143pt>
File: visualizations/fl_convergence.pdf Graphic file (type pdf)
<use visualizations/fl_convergence.pdf>
Package pdftex.def Info: visualizations/fl_convergence.pdf  used on input line 
498.
(pdftex.def)             Requested size: 479.86412pt x 188.74458pt.

Overfull \hbox (237.19057pt too wide) in paragraph at lines 498--499
 [][] 
 []


Package xcolor Warning: Incompatible color definition on input line 499.

LaTeX Font Info:    Trying to load font information for TS1+formata on input li
ne 499.
LaTeX Font Info:    No file TS1formata.fd. on input line 499.

LaTeX Font Warning: Font shape `TS1/formata/m/n' undefined
(Font)              using `TS1/cmr/m/n' instead
(Font)              for symbol `textpm' on input line 499.


Package xcolor Warning: Incompatible color definition on input line 499.

File: notaglinelogo.png Graphic file (type png)
<use notaglinelogo.png>
Package pdftex.def Info: notaglinelogo.png  used on input line 504.
(pdftex.def)             Requested size: 91.32pt x 23.1352pt.

LaTeX Font Warning: Font shape `T1/formata/m/sl' undefined
(Font)              using `T1/formata/m/it' instead on input line 504.


Overfull \hbox (505.12177pt too wide) has occurred while \output is active
[]
 []


Overfull \hbox (505.12177pt too wide) has occurred while \output is active
[]
 []


Underfull \hbox (badness 10000) has occurred while \output is active
[]
 []

[6 <./visualizations/h2_roc_curve.pdf> <./visualizations/fl_convergence.pdf>]
(visualizations/fl_training_table.tex

Package xcolor Warning: Incompatible color definition on input line 5.


Overfull \hbox (23.1567pt too wide) in paragraph at lines 7--16
 [][] 
 []

)
Underfull \hbox (badness 1418) in paragraph at lines 509--510
\T1/times/n/n/10 model im-prove-ment slightly above ran-dom base-line
 []


Underfull \hbox (badness 5288) in paragraph at lines 511--512
[]\T1/times/b/n/10 Vulnerable Ag-gre-ga-tion Fails: \T1/times/n/n/10 Mean ag-gr
e-ga-tion
 []


Package xcolor Warning: Incompatible color definition on input line 520.


Package xcolor Warning: Incompatible color definition on input line 524.


Underfull \hbox (badness 10000) in paragraph at lines 534--535
[]\T1/times/b/n/10 Bounded Adap-ta-tion: \T1/times/n/n/10 Thresh-old con-strain
ed to
 []


Package xcolor Warning: Incompatible color definition on input line 537.


Package xcolor Warning: Incompatible color definition on input line 548.


Package xcolor Warning: Incompatible color definition on input line 553.


LaTeX Font Warning: Font shape `T1/formata/m/sl' undefined
(Font)              using `T1/formata/m/it' instead on input line 581.

File: notaglinelogo.png Graphic file (type png)
<use notaglinelogo.png>
Package pdftex.def Info: notaglinelogo.png  used on input line 581.
(pdftex.def)             Requested size: 91.32pt x 23.1352pt.

Overfull \hbox (505.12177pt too wide) has occurred while \output is active
[]
 []


Overfull \hbox (505.12177pt too wide) has occurred while \output is active
[]
 []


Underfull \hbox (badness 10000) has occurred while \output is active
[]
 []

[7]

Package xcolor Warning: Incompatible color definition on input line 583.

<visualizations/atma_threshold_evolution.pdf, id=162, 734.36235pt x 355.9724pt>

File: visualizations/atma_threshold_evolution.pdf Graphic file (type pdf)
<use visualizations/atma_threshold_evolution.pdf>
Package pdftex.def Info: visualizations/atma_threshold_evolution.pdf  used on i
nput line 589.
(pdftex.def)             Requested size: 242.45628pt x 117.52556pt.

Package xcolor Warning: Incompatible color definition on input line 590.


Package xcolor Warning: Incompatible color definition on input line 590.


Package xcolor Warning: Incompatible color definition on input line 603.


Underfull \hbox (badness 6995) in paragraph at lines 605--607
\T1/times/n/n/10 Paired t-tests con-firm ATMA's su-pe-ri-or-ity over static
 []


Underfull \hbox (badness 2111) in paragraph at lines 611--612
\T1/times/n/n/10 blockchain) in-di-cate moderate-to-strong prac-ti-cal sig-nif-
i-
 []


Package xcolor Warning: Incompatible color definition on input line 613.


Package xcolor Warning: Incompatible color definition on input line 617.


Package xcolor Warning: Incompatible color definition on input line 633.


Underfull \hbox (badness 10000) in paragraph at lines 637--638
[]\T1/times/b/n/10 Control Group: \T1/times/n/n/10 Adap-tive at-tack-ers WITH-O
UT
 []


Overfull \hbox (4.28593pt too wide) in paragraph at lines 638--639
[]\T1/times/b/n/10 Treatment Group: \T1/times/n/n/10 Adap-tive at-tack-ers WITH
 blockchain
 []


Package xcolor Warning: Incompatible color definition on input line 644.


Package xcolor Warning: Incompatible color definition on input line 649.


Overfull \hbox (16.77309pt too wide) in paragraph at lines 652--664
 [][] 
 []


Overfull \hbox (2.2462pt too wide) in paragraph at lines 669--670
[]\T1/times/b/n/10 Marginal At-tack Im-prove-ment: \T1/times/n/n/10 Blockchain-
informed
 []


Package xcolor Warning: Incompatible color definition on input line 678.

File: notaglinelogo.png Graphic file (type png)
<use notaglinelogo.png>
Package pdftex.def Info: notaglinelogo.png  used on input line 683.
(pdftex.def)             Requested size: 91.32pt x 23.1352pt.

LaTeX Font Warning: Font shape `T1/formata/m/sl' undefined
(Font)              using `T1/formata/m/it' instead on input line 683.


Overfull \hbox (505.12177pt too wide) has occurred while \output is active
[]
 []


Overfull \hbox (505.12177pt too wide) has occurred while \output is active
[]
 []


Underfull \hbox (badness 10000) has occurred while \output is active
[]
 []

[8 <./visualizations/atma_threshold_evolution.pdf>]
Overfull \hbox (3.50684pt too wide) in paragraph at lines 685--686
[]\T1/times/b/n/10 Reputation Sys-tems: \T1/times/n/n/10 Blockchain logs en-abl
e reputation-
 []


Underfull \hbox (badness 4013) in paragraph at lines 689--690
[]\T1/times/b/n/10 Network Ef-fect: \T1/times/n/n/10 In multi-organization fed-
er-a-tions,
 []

<visualizations/transparency_tradeoff.pdf, id=303, 861.78198pt x 331.4809pt>
File: visualizations/transparency_tradeoff.pdf Graphic file (type pdf)
<use visualizations/transparency_tradeoff.pdf>
Package pdftex.def Info: visualizations/transparency_tradeoff.pdf  used on inpu
t line 696.
(pdftex.def)             Requested size: 242.45628pt x 93.25911pt.

Package xcolor Warning: Incompatible color definition on input line 697.


Package xcolor Warning: Incompatible color definition on input line 697.


Package xcolor Warning: Incompatible color definition on input line 701.


Overfull \hbox (1.21288pt too wide) in paragraph at lines 708--709
[]\T1/times/b/n/10 Implement Rep-u-ta-tion Sys-tems: \T1/times/n/n/10 Lever-age
 blockchain
 []


Package xcolor Warning: Incompatible color definition on input line 715.


Package xcolor Warning: Incompatible color definition on input line 720.


Package xcolor Warning: Incompatible color definition on input line 736.


Package xcolor Warning: Incompatible color definition on input line 746.


Package xcolor Warning: Incompatible color definition on input line 751.


Underfull \hbox (badness 1389) in paragraph at lines 769--770
\T1/times/n/n/10 high-est re-ported ac-cu-racy for Byzantine-robust fed-er-ated

 []


Package xcolor Warning: Incompatible color definition on input line 771.


Package xcolor Warning: Incompatible color definition on input line 774.


Underfull \hbox (badness 1715) in paragraph at lines 781--782
\T1/times/n/n/10 vides im-plicit reg-u-lar-iza-tion, pre-vent-ing the global
 []


Package xcolor Warning: Incompatible color definition on input line 788.


LaTeX Font Warning: Font shape `T1/formata/m/sl' undefined
(Font)              using `T1/formata/m/it' instead on input line 788.

File: notaglinelogo.png Graphic file (type png)
<use notaglinelogo.png>
Package pdftex.def Info: notaglinelogo.png  used on input line 788.
(pdftex.def)             Requested size: 91.32pt x 23.1352pt.

Overfull \hbox (505.12177pt too wide) has occurred while \output is active
[]
 []


Overfull \hbox (505.12177pt too wide) has occurred while \output is active
[]
 []


Underfull \hbox (badness 10000) has occurred while \output is active
[]
 []

[9 <./visualizations/transparency_tradeoff.pdf>]

Package xcolor Warning: Incompatible color definition on input line 792.


Package xcolor Warning: Incompatible color definition on input line 804.


Underfull \hbox (badness 10000) in paragraph at lines 807--808
\T1/times/n/n/10 vides +0.73% ad-van-tage over static meth-ods in
 []


Underfull \hbox (badness 2080) in paragraph at lines 809--810
\T1/times/n/n/10 re-quire-ments (93.45%) with ex-tended train-ing (160
 []


Overfull \hbox (7.95688pt too wide) in paragraph at lines 813--814
[]\T1/times/b/n/10 Krum: \T1/times/n/n/10 Not rec-om-mended un-less sig-nif-i-c
antly modified---
 []


Package xcolor Warning: Incompatible color definition on input line 816.


Underfull \hbox (badness 2744) in paragraph at lines 818--819
\T1/times/n/n/10 Our com-pre-hen-sive eval-u-a-tion of ATMA (adap-tive) vs.
 []


Package xcolor Warning: Incompatible color definition on input line 821.


Underfull \hbox (badness 6625) in paragraph at lines 843--844
[]\T1/times/b/n/10 Accuracy ceil-ing: \T1/times/n/n/10 Static Trimmed-Mean achi
eves
 []


Overfull \hbox (5.653pt too wide) in paragraph at lines 845--846
[]\T1/times/b/n/10 Adaptability: \T1/times/n/n/10 ATMA's thresh-old evo-lu-tion
 (0.10$\OMS/cmsy/m/n/10 !$\T1/times/n/n/10 0.24)
 []


Package xcolor Warning: Incompatible color definition on input line 852.


Overfull \hbox (10.33955pt too wide) in paragraph at lines 857--858
[]\T1/times/b/n/10 Transparency with Ac-cept-able Risk: \T1/times/n/n/10 While 
blockchain-
 []


Underfull \hbox (badness 2334) in paragraph at lines 863--864
\T1/times/n/n/10 er-ated or-ga-ni-za-tions, am-pli-fy-ing de-fen-sive ben-e-fit
s
 []


Underfull \hbox (badness 1460) in paragraph at lines 865--866
\T1/times/n/n/10 client sus-pen-sion, lim-it-ing dam-age to 1.8% model
 []


Package xcolor Warning: Incompatible color definition on input line 881.


Package xcolor Warning: Incompatible color definition on input line 885.

File: notaglinelogo.png Graphic file (type png)
<use notaglinelogo.png>
Package pdftex.def Info: notaglinelogo.png  used on input line 889.
(pdftex.def)             Requested size: 91.32pt x 23.1352pt.

LaTeX Font Warning: Font shape `T1/formata/m/sl' undefined
(Font)              using `T1/formata/m/it' instead on input line 889.


Overfull \hbox (505.12177pt too wide) has occurred while \output is active
[]
 []


Overfull \hbox (505.12177pt too wide) has occurred while \output is active
[]
 []


Underfull \hbox (badness 10000) has occurred while \output is active
[]
 []

[10]

Package xcolor Warning: Incompatible color definition on input line 891.


Package xcolor Warning: Incompatible color definition on input line 917.


Underfull \hbox (badness 5175) in paragraph at lines 923--924
[]\T1/times/n/n/10 General fed-er-ated op-ti-miza-tion meth-ods are \T1/times/b
/n/10 NOT
 []


Package xcolor Warning: Incompatible color definition on input line 928.


Package xcolor Warning: Incompatible color definition on input line 933.


Package xcolor Warning: Incompatible color definition on input line 949.


Underfull \hbox (badness 4291) in paragraph at lines 951--952
\T1/times/n/n/10 We pro-vide de-tailed gas cost mea-sure-ments from our
 []


Package xcolor Warning: Incompatible color definition on input line 954.


Package xcolor Warning: Incompatible color definition on input line 980.


Underfull \hbox (badness 2707) in paragraph at lines 987--988
[]\T1/times/b/n/10 Recent Meth-ods Com-par-i-son: AD-DRESSED \T1/times/n/n/10 -
--
 []


Underfull \hbox (badness 3019) in paragraph at lines 987--988
\T1/times/n/n/10 Fed-Prox and Fed-Dyn tested; both col-lapse un-der
 []


Underfull \hbox (badness 1418) in paragraph at lines 998--999
\T1/times/n/n/10 flip at-tack (scale=-5.0) com-bined with Krum's
 []


Package xcolor Warning: Incompatible color definition on input line 1002.


LaTeX Font Warning: Font shape `T1/formata/m/sl' undefined
(Font)              using `T1/formata/m/it' instead on input line 1007.

File: notaglinelogo.png Graphic file (type png)
<use notaglinelogo.png>
Package pdftex.def Info: notaglinelogo.png  used on input line 1007.
(pdftex.def)             Requested size: 91.32pt x 23.1352pt.

Overfull \hbox (505.12177pt too wide) has occurred while \output is active
[]
 []


Overfull \hbox (505.12177pt too wide) has occurred while \output is active
[]
 []


Underfull \hbox (badness 10000) has occurred while \output is active
[]
 []

[11]
Underfull \hbox (badness 2310) in paragraph at lines 1007--1008
\T1/times/n/n/10 cu-racy. Pre-lim-i-nary 50-round re-sults (85.12%) are
 []


Underfull \hbox (badness 1360) in paragraph at lines 1013--1014
\T1/times/n/n/10 tion, ex-pand-ing be-yond single-organization set-tings
 []


Underfull \hbox (badness 2359) in paragraph at lines 1019--1020
\T1/times/n/n/10 dy-nam-ics un-der blockchain in-cen-tive struc-tures to
 []


Underfull \hbox (badness 7133) in paragraph at lines 1021--1022
\T1/times/n/n/10 Trans-parency Para-dox ex-per-i-ments to CIFAR-10,
 []


Underfull \hbox (badness 10000) in paragraph at lines 1025--1026
[]\T1/times/b/n/10 Automated Thresh-old Tun-ing: \T1/times/n/n/10 De-velop meta
-
 []


Underfull \hbox (badness 10000) in paragraph at lines 1025--1026
\T1/times/n/n/10 learning ap-proaches to au-to-mat-i-cally con-fig-ure
 []


Package xcolor Warning: Incompatible color definition on input line 1028.


Underfull \hbox (badness 6978) in paragraph at lines 1031--1032
\T1/times/n/n/10 This pa-per presents a com-pre-hen-sive em-pir-i-cal study
 []


Underfull \hbox (badness 6842) in paragraph at lines 1031--1032
\T1/times/n/n/10 of Byzantine-robust fed-er-ated learn-ing in-te-grated with
 []


Underfull \hbox (badness 1565) in paragraph at lines 1033--1034
[]\T1/times/n/n/10 Our key con-tri-bu-tions in-clude: (1) \T1/times/b/n/10 val-
i-dat-ing Byzan-
 []

File: notaglinelogo.png Graphic file (type png)
<use notaglinelogo.png>
Package pdftex.def Info: notaglinelogo.png  used on input line 1041.
(pdftex.def)             Requested size: 91.32pt x 23.1352pt.

LaTeX Font Warning: Font shape `T1/formata/m/sl' undefined
(Font)              using `T1/formata/m/it' instead on input line 1041.


Overfull \hbox (505.12177pt too wide) has occurred while \output is active
[]
 []


Overfull \hbox (505.12177pt too wide) has occurred while \output is active
[]
 []


Underfull \hbox (badness 10000) has occurred while \output is active
[]
 []

[12]
Underfull \hbox (badness 1968) in paragraph at lines 1041--1042
[]\T1/times/n/n/10 Future work will ex-plore ex-tended ATMA eval-u-a-tion
 []


Underfull \hbox (badness 1924) in paragraph at lines 1041--1042
\T1/times/n/n/10 with 160-round train-ing, hy-brid adaptive-static meth-ods,
 []


Package xcolor Warning: Incompatible color definition on input line 1043.


Package xcolor Warning: Incompatible color definition on input line 1048.


Underfull \hbox (badness 1448) in paragraph at lines 1257--1260
[]\T1/times/n/n/7.61 R. Jiang \T1/times/n/it/7.61 et al.\T1/times/n/n/7.61 , ``
T-BFL model based on two-dimensional trust and
 []


Underfull \hbox (badness 1622) in paragraph at lines 1265--1266
[]\T1/times/n/n/7.61 ``Spectral Sen-tinel: Scal-able Byzantine-robust de-cen-tr
al-ized fed-er-ated
 []

File: bullet.png Graphic file (type png)
<use bullet.png>
Package pdftex.def Info: bullet.png  used on input line 1275.
(pdftex.def)             Requested size: 5.0pt x 14.6871pt.

LaTeX Font Warning: Font shape `T1/formata/m/sl' undefined
(Font)              using `T1/formata/m/it' instead on input line 1276.

File: notaglinelogo.png Graphic file (type png)
<use notaglinelogo.png>
Package pdftex.def Info: notaglinelogo.png  used on input line 1276.
(pdftex.def)             Requested size: 91.32pt x 23.1352pt.

Overfull \hbox (505.12177pt too wide) has occurred while \output is active
[]
 []


Overfull \hbox (505.12177pt too wide) has occurred while \output is active
[]
 []


Underfull \hbox (badness 10000) has occurred while \output is active
[]
 []

[13]
File: notaglinelogo.png Graphic file (type png)
<use notaglinelogo.png>
Package pdftex.def Info: notaglinelogo.png  used on input line 1277.
(pdftex.def)             Requested size: 91.32pt x 23.1352pt.


LaTeX Font Warning: Font shape `T1/formata/m/sl' undefined
(Font)              using `T1/formata/m/it' instead on input line 1277.


Overfull \hbox (505.12177pt too wide) has occurred while \output is active
[]
 []


Overfull \hbox (505.12177pt too wide) has occurred while \output is active
[]
 []


Underfull \hbox (badness 10000) has occurred while \output is active
[]
 []

[14

] (federated_learning_paper.aux)
 ***********
LaTeX2e <2023-11-01> patch level 1
L3 programming layer <2024-01-04>
 ***********


LaTeX Font Warning: Some font shapes were not available, defaults substituted.

 ) 
Here is how much of TeX's memory you used:
 5643 strings out of 474486
 92420 string characters out of 5743754
 1958542 words of memory out of 5000000
 27793 multiletter control sequences out of 15000+600000
 651580 words of font info for 187 fonts, out of 8000000 for 9000
 1141 hyphenation exceptions out of 8191
 72i,13n,79p,2628b,443s stack positions out of 10000i,1000n,20000p,200000b,200000s
 <C:\Users\ADMIN\AppData\Local\MiKTeX\fonts/pk/ljfour/jknappen/ec/dpi600\tcrm
0700.pk><C:/Users/ADMIN/AppData/Local/Programs/MiKTeX/fonts/type1/public/amsfon
ts/cm/cmbx10.pfb><C:/Users/ADMIN/AppData/Local/Programs/MiKTeX/fonts/type1/publ
ic/amsfonts/cm/cmbx7.pfb><C:/Users/ADMIN/AppData/Local/Programs/MiKTeX/fonts/ty
pe1/public/amsfonts/cm/cmex10.pfb><C:/Users/ADMIN/AppData/Local/Programs/MiKTeX
/fonts/type1/public/amsfonts/cm/cmmi10.pfb><C:/Users/ADMIN/AppData/Local/Progra
ms/MiKTeX/fonts/type1/public/amsfonts/cm/cmmi7.pfb><C:/Users/ADMIN/AppData/Loca
l/Programs/MiKTeX/fonts/type1/public/amsfonts/cm/cmmi8.pfb><C:/Users/ADMIN/AppD
ata/Local/Programs/MiKTeX/fonts/type1/public/amsfonts/cm/cmmi9.pfb><C:/Users/AD
MIN/AppData/Local/Programs/MiKTeX/fonts/type1/public/amsfonts/cm/cmr10.pfb><C:/
Users/ADMIN/AppData/Local/Programs/MiKTeX/fonts/type1/public/amsfonts/cm/cmr5.p
fb><C:/Users/ADMIN/AppData/Local/Programs/MiKTeX/fonts/type1/public/amsfonts/cm
/cmr7.pfb><C:/Users/ADMIN/AppData/Local/Programs/MiKTeX/fonts/type1/public/amsf
onts/cm/cmr8.pfb><C:/Users/ADMIN/AppData/Local/Programs/MiKTeX/fonts/type1/publ
ic/amsfonts/cm/cmr9.pfb><C:/Users/ADMIN/AppData/Local/Programs/MiKTeX/fonts/typ
e1/public/amsfonts/cm/cmsy10.pfb><C:/Users/ADMIN/AppData/Local/Programs/MiKTeX/
fonts/type1/public/amsfonts/cm/cmsy5.pfb><C:/Users/ADMIN/AppData/Local/Programs
/MiKTeX/fonts/type1/public/amsfonts/cm/cmsy7.pfb><C:/Users/ADMIN/AppData/Local/
Programs/MiKTeX/fonts/type1/public/amsfonts/cm/cmsy8.pfb><./t1-formata-bold.pfb
><./t1-formata-condmedium.pfb><./t1-formata-medium.pfb><./t1-formata-mediumital
ic.pfb><./t1-formata-regular.pfb><./t1-giovannistd-bookitalic.pfb><./t1-times-b
old.pfb><./t1-times-italic.pfb><./t1-times.pfb><C:/Users/ADMIN/AppData/Local/Pr
ograms/MiKTeX/fonts/type1/urw/courier/ucrr8a.pfb>
Output written on federated_learning_paper.pdf (14 pages, 1230330 bytes).
PDF statistics:
 594 PDF objects out of 1000 (max. 8388607)
 0 named destinations out of 1000 (max. 500000)
 49 words of extra memory for PDF output out of 10000 (max. 10000000)

