\BOOKMARK [1][-]{section.1}{\376\377\000I\000n\000t\000r\000o\000d\000u\000c\000t\000i\000o\000n}{}% 1
\BOOKMARK [2][-]{subsection.1.1}{\376\377\000M\000o\000t\000i\000v\000a\000t\000i\000o\000n\000:\000\040\000T\000h\000e\000\040\000N\000e\000e\000d\000\040\000f\000o\000r\000\040\000E\000x\000p\000l\000a\000i\000n\000a\000b\000l\000e\000\040\000D\000e\000f\000e\000n\000s\000e}{section.1}% 2
\BOOKMARK [2][-]{subsection.1.2}{\376\377\000C\000o\000n\000t\000r\000i\000b\000u\000t\000i\000o\000n\000s}{section.1}% 3
\BOOKMARK [2][-]{subsection.1.3}{\376\377\000P\000a\000p\000e\000r\000\040\000O\000r\000g\000a\000n\000i\000z\000a\000t\000i\000o\000n}{section.1}% 4
\BOOKMARK [1][-]{section.2}{\376\377\000R\000e\000l\000a\000t\000e\000d\000\040\000W\000o\000r\000k}{}% 5
\BOOKMARK [2][-]{subsection.2.1}{\376\377\000B\000y\000z\000a\000n\000t\000i\000n\000e\000-\000R\000o\000b\000u\000s\000t\000\040\000F\000e\000d\000e\000r\000a\000t\000e\000d\000\040\000L\000e\000a\000r\000n\000i\000n\000g}{section.2}% 6
\BOOKMARK [2][-]{subsection.2.2}{\376\377\000E\000x\000p\000l\000a\000i\000n\000a\000b\000l\000e\000\040\000A\000I\000\040\000i\000n\000\040\000S\000e\000c\000u\000r\000i\000t\000y}{section.2}% 7
\BOOKMARK [2][-]{subsection.2.3}{\376\377\000B\000l\000o\000c\000k\000c\000h\000a\000i\000n\000\040\000i\000n\000\040\000F\000e\000d\000e\000r\000a\000t\000e\000d\000\040\000L\000e\000a\000r\000n\000i\000n\000g}{section.2}% 8
\BOOKMARK [1][-]{section.3}{\376\377\000B\000a\000c\000k\000g\000r\000o\000u\000n\000d\000\040\000a\000n\000d\000\040\000P\000r\000o\000b\000l\000e\000m\000\040\000F\000o\000r\000m\000u\000l\000a\000t\000i\000o\000n}{}% 9
\BOOKMARK [2][-]{subsection.3.1}{\376\377\000F\000e\000d\000e\000r\000a\000t\000e\000d\000\040\000L\000e\000a\000r\000n\000i\000n\000g}{section.3}% 10
\BOOKMARK [2][-]{subsection.3.2}{\376\377\000T\000h\000r\000e\000a\000t\000\040\000M\000o\000d\000e\000l}{section.3}% 11
\BOOKMARK [2][-]{subsection.3.3}{\376\377\000S\000H\000A\000P\000\040\000E\000x\000p\000l\000a\000n\000a\000t\000i\000o\000n\000s}{section.3}% 12
\BOOKMARK [1][-]{section.4}{\376\377\000F\000e\000d\000X\000C\000h\000a\000i\000n\000:\000\040\000S\000y\000s\000t\000e\000m\000\040\000A\000r\000c\000h\000i\000t\000e\000c\000t\000u\000r\000e}{}% 13
\BOOKMARK [2][-]{subsection.4.1}{\376\377\000S\000y\000s\000t\000e\000m\000\040\000O\000v\000e\000r\000v\000i\000e\000w}{section.4}% 14
\BOOKMARK [2][-]{subsection.4.2}{\376\377\000P\000r\000o\000o\000f\000\040\000o\000f\000\040\000E\000x\000p\000l\000a\000n\000a\000t\000i\000o\000n\000\040\000\050\000P\000o\000E\000x\000\051\000\040\000C\000o\000n\000s\000e\000n\000s\000u\000s}{section.4}% 15
\BOOKMARK [3][-]{subsubsection.4.2.1}{\376\377\000S\000H\000A\000P\000\040\000E\000x\000p\000l\000a\000n\000a\000t\000i\000o\000n\000\040\000G\000e\000n\000e\000r\000a\000t\000i\000o\000n}{subsection.4.2}% 16
\BOOKMARK [3][-]{subsubsection.4.2.2}{\376\377\000N\000o\000r\000m\000a\000l\000i\000z\000e\000d\000\040\000S\000y\000m\000m\000e\000t\000r\000i\000c\000\040\000D\000i\000v\000e\000r\000g\000e\000n\000c\000e\000\040\000S\000c\000o\000r\000e\000\040\000\050\000N\000S\000D\000S\000\051}{subsection.4.2}% 17
\BOOKMARK [3][-]{subsubsection.4.2.3}{\376\377\000V\000a\000l\000i\000d\000a\000t\000i\000o\000n\000\040\000D\000e\000c\000i\000s\000i\000o\000n}{subsection.4.2}% 18
\BOOKMARK [3][-]{subsubsection.4.2.4}{\376\377\000A\000l\000g\000o\000r\000i\000t\000h\000m}{subsection.4.2}% 19
\BOOKMARK [2][-]{subsection.4.3}{\376\377\000B\000l\000o\000c\000k\000c\000h\000a\000i\000n\000\040\000I\000n\000t\000e\000g\000r\000a\000t\000i\000o\000n}{section.4}% 20
\BOOKMARK [2][-]{subsection.4.4}{\376\377\000T\000r\000u\000s\000t\000\040\000S\000c\000o\000r\000e\000\040\000M\000a\000n\000a\000g\000e\000m\000e\000n\000t}{section.4}% 21
\BOOKMARK [1][-]{section.5}{\376\377\000E\000x\000p\000e\000r\000i\000m\000e\000n\000t\000a\000l\000\040\000S\000e\000t\000u\000p}{}% 22
\BOOKMARK [2][-]{subsection.5.1}{\376\377\000I\000m\000p\000l\000e\000m\000e\000n\000t\000a\000t\000i\000o\000n}{section.5}% 23
\BOOKMARK [2][-]{subsection.5.2}{\376\377\000D\000a\000t\000a\000s\000e\000t}{section.5}% 24
\BOOKMARK [2][-]{subsection.5.3}{\376\377\000M\000o\000d\000e\000l\000\040\000A\000r\000c\000h\000i\000t\000e\000c\000t\000u\000r\000e}{section.5}% 25
\BOOKMARK [2][-]{subsection.5.4}{\376\377\000E\000x\000p\000e\000r\000i\000m\000e\000n\000t\000a\000l\000\040\000C\000o\000n\000f\000i\000g\000u\000r\000a\000t\000i\000o\000n}{section.5}% 26
\BOOKMARK [2][-]{subsection.5.5}{\376\377\000A\000t\000t\000a\000c\000k\000\040\000S\000c\000e\000n\000a\000r\000i\000o\000s}{section.5}% 27
\BOOKMARK [2][-]{subsection.5.6}{\376\377\000B\000a\000s\000e\000l\000i\000n\000e\000\040\000C\000o\000m\000p\000a\000r\000i\000s\000o\000n}{section.5}% 28
\BOOKMARK [2][-]{subsection.5.7}{\376\377\000E\000v\000a\000l\000u\000a\000t\000i\000o\000n\000\040\000M\000e\000t\000r\000i\000c\000s}{section.5}% 29
\BOOKMARK [1][-]{section.6}{\376\377\000E\000x\000p\000e\000r\000i\000m\000e\000n\000t\000a\000l\000\040\000R\000e\000s\000u\000l\000t\000s}{}% 30
\BOOKMARK [2][-]{subsection.6.1}{\376\377\000D\000e\000f\000e\000n\000s\000e\000\040\000E\000f\000f\000e\000c\000t\000i\000v\000e\000n\000e\000s\000s}{section.6}% 31
\BOOKMARK [2][-]{subsection.6.2}{\376\377\000A\000t\000t\000a\000c\000k\000\040\000S\000u\000c\000c\000e\000s\000s\000\040\000R\000a\000t\000e\000\040\000A\000n\000a\000l\000y\000s\000i\000s}{section.6}% 32
\BOOKMARK [2][-]{subsection.6.3}{\376\377\000M\000o\000d\000e\000l\000\040\000P\000e\000r\000f\000o\000r\000m\000a\000n\000c\000e}{section.6}% 33
\BOOKMARK [2][-]{subsection.6.4}{\376\377\000S\000t\000a\000t\000i\000s\000t\000i\000c\000a\000l\000\040\000S\000i\000g\000n\000i\000f\000i\000c\000a\000n\000c\000e}{section.6}% 34
\BOOKMARK [2][-]{subsection.6.5}{\376\377\000C\000o\000m\000p\000u\000t\000a\000t\000i\000o\000n\000a\000l\000\040\000O\000v\000e\000r\000h\000e\000a\000d}{section.6}% 35
\BOOKMARK [2][-]{subsection.6.6}{\376\377\000S\000H\000A\000P\000-\000B\000a\000s\000e\000d\000\040\000A\000n\000o\000m\000a\000l\000y\000\040\000D\000e\000t\000e\000c\000t\000i\000o\000n}{section.6}% 36
\BOOKMARK [1][-]{section.7}{\376\377\000D\000i\000s\000c\000u\000s\000s\000i\000o\000n}{}% 37
\BOOKMARK [2][-]{subsection.7.1}{\376\377\000I\000n\000t\000e\000r\000p\000r\000e\000t\000a\000b\000i\000l\000i\000t\000y\000\040\000A\000d\000v\000a\000n\000t\000a\000g\000e}{section.7}% 38
\BOOKMARK [2][-]{subsection.7.2}{\376\377\000A\000t\000t\000a\000c\000k\000-\000S\000p\000e\000c\000i\000f\000i\000c\000\040\000E\000f\000f\000e\000c\000t\000i\000v\000e\000n\000e\000s\000s}{section.7}% 39
\BOOKMARK [2][-]{subsection.7.3}{\376\377\000T\000h\000r\000e\000s\000h\000o\000l\000d\000\040\000S\000e\000l\000e\000c\000t\000i\000o\000n}{section.7}% 40
\BOOKMARK [2][-]{subsection.7.4}{\376\377\000S\000c\000a\000l\000a\000b\000i\000l\000i\000t\000y\000\040\000C\000o\000n\000s\000i\000d\000e\000r\000a\000t\000i\000o\000n\000s}{section.7}% 41
\BOOKMARK [2][-]{subsection.7.5}{\376\377\000L\000i\000m\000i\000t\000a\000t\000i\000o\000n\000s}{section.7}% 42
\BOOKMARK [2][-]{subsection.7.6}{\376\377\000F\000u\000t\000u\000r\000e\000\040\000W\000o\000r\000k}{section.7}% 43
\BOOKMARK [1][-]{section.8}{\376\377\000C\000o\000n\000c\000l\000u\000s\000i\000o\000n}{}% 44
\BOOKMARK [1][-]{section*.1}{\376\377\000R\000E\000F\000E\000R\000E\000N\000C\000E\000S}{}% 45
\BOOKMARK [2][-]{section*.2}{\376\377\000F\000i\000r\000s\000t\000\040\000A\000u\000t\000h\000o\000r}{section*.1}% 46
\BOOKMARK [2][-]{section*.2}{\376\377\000S\000e\000c\000o\000n\000d\000\040\000A\000u\000t\000h\000o\000r}{section*.1}% 47
